2025-05-02 15:07:54,008 [INFO] Starting SEC EDGAR scraper for states: TX
2025-05-02 15:07:54,008 [INFO] Scraping 5 pages per state (500 companies per state)
2025-05-02 15:07:54,009 [INFO] Starting to scrape data for state: TX
2025-05-02 15:07:54,425 [WARNING] Error on page 1 for state TX (attempt 1/5): 403 Client Error: Forbidden for url: https://www.sec.gov/cgi-bin/browse-edgar?action=getcompany&State=TX&owner=exclude&match=&start=0&count=100&hidefilings=0
2025-05-02 15:07:54,426 [INFO] Waiting 1 seconds before retrying...
2025-05-02 15:07:55,710 [WARNING] Error on page 1 for state TX (attempt 2/5): 403 Client Error: Forbidden for url: https://www.sec.gov/cgi-bin/browse-edgar?action=getcompany&State=TX&owner=exclude&match=&start=0&count=100&hidefilings=0
2025-05-02 15:07:55,716 [INFO] Waiting 2 seconds before retrying...
2025-05-02 15:07:57,980 [WARNING] Error on page 1 for state TX (attempt 3/5): 403 Client Error: Forbidden for url: https://www.sec.gov/cgi-bin/browse-edgar?action=getcompany&State=TX&owner=exclude&match=&start=0&count=100&hidefilings=0
2025-05-02 15:07:57,980 [INFO] Waiting 4 seconds before retrying...
2025-05-02 15:08:02,444 [WARNING] Error on page 1 for state TX (attempt 4/5): 403 Client Error: Forbidden for url: https://www.sec.gov/cgi-bin/browse-edgar?action=getcompany&State=TX&owner=exclude&match=&start=0&count=100&hidefilings=0
2025-05-02 15:08:02,444 [INFO] Waiting 8 seconds before retrying...
2025-05-02 15:08:10,720 [WARNING] Error on page 1 for state TX (attempt 5/5): 403 Client Error: Forbidden for url: https://www.sec.gov/cgi-bin/browse-edgar?action=getcompany&State=TX&owner=exclude&match=&start=0&count=100&hidefilings=0
2025-05-02 15:08:10,720 [INFO] Waiting 16 seconds before retrying...
2025-05-02 15:08:26,721 [ERROR] Failed to retrieve page 1 for state TX after 5 attempts
2025-05-02 15:08:27,130 [WARNING] Error on page 2 for state TX (attempt 1/5): 403 Client Error: Forbidden for url: https://www.sec.gov/cgi-bin/browse-edgar?action=getcompany&State=TX&owner=exclude&match=&start=100&count=100&hidefilings=0
2025-05-02 15:08:27,130 [INFO] Waiting 1 seconds before retrying...
2025-05-02 15:08:28,398 [WARNING] Error on page 2 for state TX (attempt 2/5): 403 Client Error: Forbidden for url: https://www.sec.gov/cgi-bin/browse-edgar?action=getcompany&State=TX&owner=exclude&match=&start=100&count=100&hidefilings=0
2025-05-02 15:08:28,398 [INFO] Waiting 2 seconds before retrying...
2025-05-02 15:08:30,710 [WARNING] Error on page 2 for state TX (attempt 3/5): 403 Client Error: Forbidden for url: https://www.sec.gov/cgi-bin/browse-edgar?action=getcompany&State=TX&owner=exclude&match=&start=100&count=100&hidefilings=0
2025-05-02 15:08:30,711 [INFO] Waiting 4 seconds before retrying...
2025-05-02 15:08:35,002 [WARNING] Error on page 2 for state TX (attempt 4/5): 403 Client Error: Forbidden for url: https://www.sec.gov/cgi-bin/browse-edgar?action=getcompany&State=TX&owner=exclude&match=&start=100&count=100&hidefilings=0
2025-05-02 15:08:35,003 [INFO] Waiting 8 seconds before retrying...
2025-05-02 15:08:43,318 [WARNING] Error on page 2 for state TX (attempt 5/5): 403 Client Error: Forbidden for url: https://www.sec.gov/cgi-bin/browse-edgar?action=getcompany&State=TX&owner=exclude&match=&start=100&count=100&hidefilings=0
2025-05-02 15:08:43,318 [INFO] Waiting 16 seconds before retrying...
2025-05-02 15:08:59,319 [ERROR] Failed to retrieve page 2 for state TX after 5 attempts
2025-05-02 15:08:59,673 [WARNING] Error on page 3 for state TX (attempt 1/5): 403 Client Error: Forbidden for url: https://www.sec.gov/cgi-bin/browse-edgar?action=getcompany&State=TX&owner=exclude&match=&start=200&count=100&hidefilings=0
2025-05-02 15:08:59,673 [INFO] Waiting 1 seconds before retrying...
2025-05-02 15:09:00,951 [WARNING] Error on page 3 for state TX (attempt 2/5): 403 Client Error: Forbidden for url: https://www.sec.gov/cgi-bin/browse-edgar?action=getcompany&State=TX&owner=exclude&match=&start=200&count=100&hidefilings=0
2025-05-02 15:09:00,952 [INFO] Waiting 2 seconds before retrying...
2025-05-02 15:09:03,277 [WARNING] Error on page 3 for state TX (attempt 3/5): 403 Client Error: Forbidden for url: https://www.sec.gov/cgi-bin/browse-edgar?action=getcompany&State=TX&owner=exclude&match=&start=200&count=100&hidefilings=0
2025-05-02 15:09:03,277 [INFO] Waiting 4 seconds before retrying...
2025-05-02 15:09:07,623 [WARNING] Error on page 3 for state TX (attempt 4/5): 403 Client Error: Forbidden for url: https://www.sec.gov/cgi-bin/browse-edgar?action=getcompany&State=TX&owner=exclude&match=&start=200&count=100&hidefilings=0
2025-05-02 15:09:07,624 [INFO] Waiting 8 seconds before retrying...
2025-05-02 15:09:15,941 [WARNING] Error on page 3 for state TX (attempt 5/5): 403 Client Error: Forbidden for url: https://www.sec.gov/cgi-bin/browse-edgar?action=getcompany&State=TX&owner=exclude&match=&start=200&count=100&hidefilings=0
2025-05-02 15:09:15,941 [INFO] Waiting 16 seconds before retrying...
