2025-05-02 15:05:05,339 [INFO] Starting SEC EDGAR scraper for states: TX
2025-05-02 15:05:05,339 [INFO] Scraping 5 pages per state (500 companies per state)
2025-05-02 15:05:05,339 [INFO] Starting to scrape data for state: TX
2025-05-02 15:05:05,963 [WARNING] Error on page 1 for state TX (attempt 1/5): 403 Client Error: Forbidden for url: https://www.sec.gov/cgi-bin/browse-edgar?action=getcompany&State=TX&owner=exclude&match=&start=0&count=100&hidefilings=0
2025-05-02 15:05:05,964 [INFO] Waiting 1 seconds before retrying...
2025-05-02 15:05:07,397 [WARNING] Error on page 1 for state TX (attempt 2/5): 403 Client Error: Forbidden for url: https://www.sec.gov/cgi-bin/browse-edgar?action=getcompany&State=TX&owner=exclude&match=&start=0&count=100&hidefilings=0
2025-05-02 15:05:07,403 [INFO] Waiting 2 seconds before retrying...
2025-05-02 15:05:10,060 [WARNING] Error on page 1 for state TX (attempt 3/5): 403 Client Error: Forbidden for url: https://www.sec.gov/cgi-bin/browse-edgar?action=getcompany&State=TX&owner=exclude&match=&start=0&count=100&hidefilings=0
2025-05-02 15:05:10,061 [INFO] Waiting 4 seconds before retrying...
2025-05-02 15:05:14,565 [WARNING] Error on page 1 for state TX (attempt 4/5): 403 Client Error: Forbidden for url: https://www.sec.gov/cgi-bin/browse-edgar?action=getcompany&State=TX&owner=exclude&match=&start=0&count=100&hidefilings=0
2025-05-02 15:05:14,566 [INFO] Waiting 8 seconds before retrying...
2025-05-02 15:05:23,065 [WARNING] Error on page 1 for state TX (attempt 5/5): 403 Client Error: Forbidden for url: https://www.sec.gov/cgi-bin/browse-edgar?action=getcompany&State=TX&owner=exclude&match=&start=0&count=100&hidefilings=0
2025-05-02 15:05:23,066 [INFO] Waiting 16 seconds before retrying...
2025-05-02 15:05:39,067 [ERROR] Failed to retrieve page 1 for state TX after 5 attempts
2025-05-02 15:05:39,553 [WARNING] Error on page 2 for state TX (attempt 1/5): 403 Client Error: Forbidden for url: https://www.sec.gov/cgi-bin/browse-edgar?action=getcompany&State=TX&owner=exclude&match=&start=100&count=100&hidefilings=0
2025-05-02 15:05:39,554 [INFO] Waiting 1 seconds before retrying...
2025-05-02 15:05:40,986 [WARNING] Error on page 2 for state TX (attempt 2/5): 403 Client Error: Forbidden for url: https://www.sec.gov/cgi-bin/browse-edgar?action=getcompany&State=TX&owner=exclude&match=&start=100&count=100&hidefilings=0
2025-05-02 15:05:40,987 [INFO] Waiting 2 seconds before retrying...
2025-05-02 15:05:43,449 [WARNING] Error on page 2 for state TX (attempt 3/5): 403 Client Error: Forbidden for url: https://www.sec.gov/cgi-bin/browse-edgar?action=getcompany&State=TX&owner=exclude&match=&start=100&count=100&hidefilings=0
2025-05-02 15:05:43,449 [INFO] Waiting 4 seconds before retrying...
2025-05-02 15:05:47,948 [WARNING] Error on page 2 for state TX (attempt 4/5): 403 Client Error: Forbidden for url: https://www.sec.gov/cgi-bin/browse-edgar?action=getcompany&State=TX&owner=exclude&match=&start=100&count=100&hidefilings=0
2025-05-02 15:05:47,949 [INFO] Waiting 8 seconds before retrying...
2025-05-02 15:05:56,448 [WARNING] Error on page 2 for state TX (attempt 5/5): 403 Client Error: Forbidden for url: https://www.sec.gov/cgi-bin/browse-edgar?action=getcompany&State=TX&owner=exclude&match=&start=100&count=100&hidefilings=0
2025-05-02 15:05:56,448 [INFO] Waiting 16 seconds before retrying...
2025-05-02 15:06:12,449 [ERROR] Failed to retrieve page 2 for state TX after 5 attempts
2025-05-02 15:06:13,037 [WARNING] Error on page 3 for state TX (attempt 1/5): 403 Client Error: Forbidden for url: https://www.sec.gov/cgi-bin/browse-edgar?action=getcompany&State=TX&owner=exclude&match=&start=200&count=100&hidefilings=0
2025-05-02 15:06:13,038 [INFO] Waiting 1 seconds before retrying...
2025-05-02 15:06:14,574 [WARNING] Error on page 3 for state TX (attempt 2/5): 403 Client Error: Forbidden for url: https://www.sec.gov/cgi-bin/browse-edgar?action=getcompany&State=TX&owner=exclude&match=&start=200&count=100&hidefilings=0
2025-05-02 15:06:14,574 [INFO] Waiting 2 seconds before retrying...
2025-05-02 15:06:17,041 [WARNING] Error on page 3 for state TX (attempt 3/5): 403 Client Error: Forbidden for url: https://www.sec.gov/cgi-bin/browse-edgar?action=getcompany&State=TX&owner=exclude&match=&start=200&count=100&hidefilings=0
2025-05-02 15:06:17,042 [INFO] Waiting 4 seconds before retrying...
2025-05-02 15:06:21,536 [WARNING] Error on page 3 for state TX (attempt 4/5): 403 Client Error: Forbidden for url: https://www.sec.gov/cgi-bin/browse-edgar?action=getcompany&State=TX&owner=exclude&match=&start=200&count=100&hidefilings=0
2025-05-02 15:06:21,536 [INFO] Waiting 8 seconds before retrying...
2025-05-02 15:06:30,037 [WARNING] Error on page 3 for state TX (attempt 5/5): 403 Client Error: Forbidden for url: https://www.sec.gov/cgi-bin/browse-edgar?action=getcompany&State=TX&owner=exclude&match=&start=200&count=100&hidefilings=0
2025-05-02 15:06:30,037 [INFO] Waiting 16 seconds before retrying...
2025-05-02 15:06:46,038 [ERROR] Failed to retrieve page 3 for state TX after 5 attempts
2025-05-02 15:06:46,625 [WARNING] Error on page 4 for state TX (attempt 1/5): 403 Client Error: Forbidden for url: https://www.sec.gov/cgi-bin/browse-edgar?action=getcompany&State=TX&owner=exclude&match=&start=300&count=100&hidefilings=0
2025-05-02 15:06:46,626 [INFO] Waiting 1 seconds before retrying...
2025-05-02 15:06:48,161 [WARNING] Error on page 4 for state TX (attempt 2/5): 403 Client Error: Forbidden for url: https://www.sec.gov/cgi-bin/browse-edgar?action=getcompany&State=TX&owner=exclude&match=&start=300&count=100&hidefilings=0
2025-05-02 15:06:48,162 [INFO] Waiting 2 seconds before retrying...
2025-05-02 15:06:50,619 [WARNING] Error on page 4 for state TX (attempt 3/5): 403 Client Error: Forbidden for url: https://www.sec.gov/cgi-bin/browse-edgar?action=getcompany&State=TX&owner=exclude&match=&start=300&count=100&hidefilings=0
2025-05-02 15:06:50,620 [INFO] Waiting 4 seconds before retrying...
2025-05-02 15:06:55,023 [WARNING] Error on page 4 for state TX (attempt 4/5): 403 Client Error: Forbidden for url: https://www.sec.gov/cgi-bin/browse-edgar?action=getcompany&State=TX&owner=exclude&match=&start=300&count=100&hidefilings=0
2025-05-02 15:06:55,024 [INFO] Waiting 8 seconds before retrying...
2025-05-02 15:07:03,326 [WARNING] Error on page 4 for state TX (attempt 5/5): 403 Client Error: Forbidden for url: https://www.sec.gov/cgi-bin/browse-edgar?action=getcompany&State=TX&owner=exclude&match=&start=300&count=100&hidefilings=0
2025-05-02 15:07:03,327 [INFO] Waiting 16 seconds before retrying...
2025-05-02 15:07:19,327 [ERROR] Failed to retrieve page 4 for state TX after 5 attempts
2025-05-02 15:07:19,711 [WARNING] Error on page 5 for state TX (attempt 1/5): 403 Client Error: Forbidden for url: https://www.sec.gov/cgi-bin/browse-edgar?action=getcompany&State=TX&owner=exclude&match=&start=400&count=100&hidefilings=0
2025-05-02 15:07:19,711 [INFO] Waiting 1 seconds before retrying...
2025-05-02 15:07:21,039 [WARNING] Error on page 5 for state TX (attempt 2/5): 403 Client Error: Forbidden for url: https://www.sec.gov/cgi-bin/browse-edgar?action=getcompany&State=TX&owner=exclude&match=&start=400&count=100&hidefilings=0
2025-05-02 15:07:21,039 [INFO] Waiting 2 seconds before retrying...
2025-05-02 15:07:23,323 [WARNING] Error on page 5 for state TX (attempt 3/5): 403 Client Error: Forbidden for url: https://www.sec.gov/cgi-bin/browse-edgar?action=getcompany&State=TX&owner=exclude&match=&start=400&count=100&hidefilings=0
2025-05-02 15:07:23,323 [INFO] Waiting 4 seconds before retrying...
2025-05-02 15:07:27,688 [WARNING] Error on page 5 for state TX (attempt 4/5): 403 Client Error: Forbidden for url: https://www.sec.gov/cgi-bin/browse-edgar?action=getcompany&State=TX&owner=exclude&match=&start=400&count=100&hidefilings=0
2025-05-02 15:07:27,689 [INFO] Waiting 8 seconds before retrying...
2025-05-02 15:07:36,113 [WARNING] Error on page 5 for state TX (attempt 5/5): 403 Client Error: Forbidden for url: https://www.sec.gov/cgi-bin/browse-edgar?action=getcompany&State=TX&owner=exclude&match=&start=400&count=100&hidefilings=0
2025-05-02 15:07:36,114 [INFO] Waiting 16 seconds before retrying...
2025-05-02 15:07:52,115 [ERROR] Failed to retrieve page 5 for state TX after 5 attempts
2025-05-02 15:07:52,122 [WARNING] No companies to save for state TX
2025-05-02 15:07:52,122 [INFO] Completed scraping for state: TX - Found 0 companies
